<?xml version="1.0" encoding="UTF-8"?>
<testsuite xmlns:xsi="http://www.w3.org/2001/XMLSchema-instance" xsi:noNamespaceSchemaLocation="https://maven.apache.org/surefire/maven-surefire-plugin/xsd/surefire-test-report-3.0.xsd" version="3.0" name="com.autotrading.notification.NotificationTemplateTest" time="0.021" tests="6" errors="0" skipped="0" failures="0">
  <properties>
[...]
</properties>
  <testcase name="riskReportBody_emptyList_doesNotThrow" classname="com.autotrading.notification.NotificationTemplateTest" time="0.014"/>
  <testcase name="maEventSubject_doesNotThrow" classname="com.autotrading.notification.NotificationTemplateTest" time="0.001"/>
  <testcase name="maEventBody_doesNotThrow" classname="com.autotrading.notification.NotificationTemplateTest" time="0.004"/>
  <testcase name="priceAlertBody_doesNotThrow" classname="com.autotrading.notification.NotificationTemplateTest" time="0.001"/>
  <testcase name="riskReportBody_doesNotThrow" classname="com.autotrading.notification.NotificationTemplateTest" time="0.0"/>
  <testcase name="priceAlertSubject_doesNotThrow" classname="com.autotrading.notification.NotificationTemplateTest" time="0.001"/>
</testsuite>